{
    "gcc": [
        "In file included from /home/jll/dev/boost/libs/openmethod/include/boost/openmethod.hpp:10,",
        "                 from match_no_method.cpp:7:",
        "match_no_method.cpp: In instantiation of \u2018struct poke_boost_openmethod_overriders<void(boost::openmethod::virtual_ptr<Cat, boost::openmethod::default_registry, void>&)>::boost_openmethod_detail_locate_method_aux<void(boost::openmethod::virtual_ptr<Cat>&)>\u2019:",
        "match_no_method.cpp:16:1:   required from here",
        "/home/jll/dev/boost/libs/openmethod/include/boost/openmethod/macros.hpp:90:50: error: \u2018poke_boost_openmethod_guide\u2019 was not declared in this scope; did you mean \u2018poke_boost_openmethod_overriders\u2019?",
        "   90 |             decltype(BOOST_OPENMETHOD_GUIDE(NAME)(std::declval<A>()...));      \\",
        "/home/jll/dev/boost/libs/openmethod/include/boost/openmethod/macros.hpp:98:9: note: in expansion of macro \u2018BOOST_OPENMETHOD_DETAIL_LOCATE_METHOD\u2019",
        "   98 |         BOOST_OPENMETHOD_DETAIL_LOCATE_METHOD(NAME, ARGS);                     \\",
        "      |         ^~~~~~~~~~~~~~~~~~~~~~~~~~~~~~~~~~~~~",
        "/home/jll/dev/boost/libs/openmethod/include/boost/openmethod/macros.hpp:129:5: note: in expansion of macro \u2018BOOST_OPENMETHOD_DECLARE_OVERRIDER\u2019",
        "  129 |     BOOST_OPENMETHOD_DECLARE_OVERRIDER(NAME, ARGS, __VA_ARGS__)                \\",
        "      |     ^~~~~~~~~~~~~~~~~~~~~~~~~~~~~~~~~~",
        "match_no_method.cpp:16:1: note: in expansion of macro \u2018BOOST_OPENMETHOD_OVERRIDE\u2019",
        "   16 | BOOST_OPENMETHOD_OVERRIDE(poke, (boost::openmethod::virtual_ptr<Cat>&), void) {",
        "      | ^~~~~~~~~~~~~~~~~~~~~~~~~",
        "match_no_method.cpp: In static member function \u2018static bool poke_boost_openmethod_overriders<void(boost::openmethod::virtual_ptr<Cat, boost::openmethod::default_registry, void>&)>::has_next()\u2019:",
        "/home/jll/dev/boost/libs/openmethod/include/boost/openmethod/macros.hpp:107:25: error: \u2018poke_boost_openmethod_overriders<void(boost::openmethod::virtual_ptr<Cat, boost::openmethod::default_registry, void>&)>::boost_openmethod_detail_locate_method_aux<void(boost::openmethod::virtual_ptr<Cat, boost::openmethod::default_registry, void>&)>::type\u2019 is not a class, namespace, or enumeration",
        "  107 |             void ARGS>::type::has_next<fn>();                                  \\",
        "      |                         ^~~~",
        "/home/jll/dev/boost/libs/openmethod/include/boost/openmethod/macros.hpp:129:5: note: in expansion of macro \u2018BOOST_OPENMETHOD_DECLARE_OVERRIDER\u2019",
        "  129 |     BOOST_OPENMETHOD_DECLARE_OVERRIDER(NAME, ARGS, __VA_ARGS__)                \\",
        "      |     ^~~~~~~~~~~~~~~~~~~~~~~~~~~~~~~~~~",
        "match_no_method.cpp:16:1: note: in expansion of macro \u2018BOOST_OPENMETHOD_OVERRIDE\u2019",
        "   16 | BOOST_OPENMETHOD_OVERRIDE(poke, (boost::openmethod::virtual_ptr<Cat>&), void) {",
        "      | ^~~~~~~~~~~~~~~~~~~~~~~~~",
        "/home/jll/dev/boost/libs/openmethod/include/boost/openmethod/macros.hpp:107:44: error: expected primary-expression before \u2018)\u2019 token",
        "  107 |             void ARGS>::type::has_next<fn>();                                  \\",
        "      |                                            ^",
        "/home/jll/dev/boost/libs/openmethod/include/boost/openmethod/macros.hpp:129:5: note: in expansion of macro \u2018BOOST_OPENMETHOD_DECLARE_OVERRIDER\u2019",
        "  129 |     BOOST_OPENMETHOD_DECLARE_OVERRIDER(NAME, ARGS, __VA_ARGS__)                \\",
        "      |     ^~~~~~~~~~~~~~~~~~~~~~~~~~~~~~~~~~",
        "match_no_method.cpp:16:1: note: in expansion of macro \u2018BOOST_OPENMETHOD_OVERRIDE\u2019",
        "   16 | BOOST_OPENMETHOD_OVERRIDE(poke, (boost::openmethod::virtual_ptr<Cat>&), void) {",
        "      | ^~~~~~~~~~~~~~~~~~~~~~~~~",
        "match_no_method.cpp: In static member function \u2018static decltype(auto) poke_boost_openmethod_overriders<void(boost::openmethod::virtual_ptr<Cat, boost::openmethod::default_registry, void>&)>::next(Args&& ...)\u2019:",
        "/home/jll/dev/boost/libs/openmethod/include/boost/openmethod/macros.hpp:113:25: error: \u2018poke_boost_openmethod_overriders<void(boost::openmethod::virtual_ptr<Cat, boost::openmethod::default_registry, void>&)>::boost_openmethod_detail_locate_method_aux<void(boost::openmethod::virtual_ptr<Cat, boost::openmethod::default_registry, void>&)>::type\u2019 is not a class, namespace, or enumeration",
        "  113 |             void ARGS>::type::next<fn>(std::forward<Args>(args)...);           \\",
        "      |                         ^~~~",
        "/home/jll/dev/boost/libs/openmethod/include/boost/openmethod/macros.hpp:129:5: note: in expansion of macro \u2018BOOST_OPENMETHOD_DECLARE_OVERRIDER\u2019",
        "  129 |     BOOST_OPENMETHOD_DECLARE_OVERRIDER(NAME, ARGS, __VA_ARGS__)                \\",
        "      |     ^~~~~~~~~~~~~~~~~~~~~~~~~~~~~~~~~~",
        "match_no_method.cpp:16:1: note: in expansion of macro \u2018BOOST_OPENMETHOD_OVERRIDE\u2019",
        "   16 | BOOST_OPENMETHOD_OVERRIDE(poke, (boost::openmethod::virtual_ptr<Cat>&), void) {",
        "      | ^~~~~~~~~~~~~~~~~~~~~~~~~",
        "/home/jll/dev/boost/libs/openmethod/include/boost/openmethod/macros.hpp:113:64: error: expected \u2018)\u2019 before \u2018...\u2019 token",
        "  113 |             void ARGS>::type::next<fn>(std::forward<Args>(args)...);           \\",
        "      |                                       ~                        ^~~",
        "/home/jll/dev/boost/libs/openmethod/include/boost/openmethod/macros.hpp:129:5: note: in expansion of macro \u2018BOOST_OPENMETHOD_DECLARE_OVERRIDER\u2019",
        "  129 |     BOOST_OPENMETHOD_DECLARE_OVERRIDER(NAME, ARGS, __VA_ARGS__)                \\",
        "      |     ^~~~~~~~~~~~~~~~~~~~~~~~~~~~~~~~~~",
        "match_no_method.cpp:16:1: note: in expansion of macro \u2018BOOST_OPENMETHOD_OVERRIDE\u2019",
        "   16 | BOOST_OPENMETHOD_OVERRIDE(poke, (boost::openmethod::virtual_ptr<Cat>&), void) {",
        "      | ^~~~~~~~~~~~~~~~~~~~~~~~~",
        "match_no_method.cpp: At global scope:",
        "/home/jll/dev/boost/libs/openmethod/include/boost/openmethod/macros.hpp:120:21: error: expected initializer before \u2018<\u2019 token",
        "  120 |             override<                                                          \\",
        "      |                     ^",
        "/home/jll/dev/boost/libs/openmethod/include/boost/openmethod/macros.hpp:45:12: note: in definition of macro \u2018BOOST_OPENMETHOD_REGISTER\u2019",
        "   45 |     static __VA_ARGS__ BOOST_OPENMETHOD_GENSYM",
        "      |            ^~~~~~~~~~~",
        "/home/jll/dev/boost/libs/openmethod/include/boost/openmethod/macros.hpp:124:5: note: in expansion of macro \u2018BOOST_OPENMETHOD_DETAIL_REGISTER_OVERRIDER\u2019",
        "  124 |     BOOST_OPENMETHOD_DETAIL_REGISTER_OVERRIDER(NAME, ARGS, __VA_ARGS__)        \\",
        "      |     ^~~~~~~~~~~~~~~~~~~~~~~~~~~~~~~~~~~~~~~~~~",
        "/home/jll/dev/boost/libs/openmethod/include/boost/openmethod/macros.hpp:130:5: note: in expansion of macro \u2018BOOST_OPENMETHOD_DEFINE_OVERRIDER\u2019",
        "  130 |     BOOST_OPENMETHOD_DEFINE_OVERRIDER(NAME, ARGS, __VA_ARGS__)",
        "      |     ^~~~~~~~~~~~~~~~~~~~~~~~~~~~~~~~~",
        "match_no_method.cpp:16:1: note: in expansion of macro \u2018BOOST_OPENMETHOD_OVERRIDE\u2019",
        "   16 | BOOST_OPENMETHOD_OVERRIDE(poke, (boost::openmethod::virtual_ptr<Cat>&), void) {",
        "      | ^~~~~~~~~~~~~~~~~~~~~~~~~"
    ],
    "clang": [
        "match_no_method.cpp:16:1: error: use of undeclared identifier 'poke_boost_openmethod_guide'",
        "   16 | BOOST_OPENMETHOD_OVERRIDE(poke, (boost::openmethod::virtual_ptr<Cat>&), void) {",
        "      | ^",
        "/home/jll/dev/boost/libs/openmethod/include/boost/openmethod/macros.hpp:129:5: note: expanded from macro 'BOOST_OPENMETHOD_OVERRIDE'",
        "  129 |     BOOST_OPENMETHOD_DECLARE_OVERRIDER(NAME, ARGS, __VA_ARGS__)                \\",
        "      |     ^",
        "/home/jll/dev/boost/libs/openmethod/include/boost/openmethod/macros.hpp:98:9: note: expanded from macro 'BOOST_OPENMETHOD_DECLARE_OVERRIDER'",
        "   98 |         BOOST_OPENMETHOD_DETAIL_LOCATE_METHOD(NAME, ARGS);                     \\",
        "      |         ^",
        "/home/jll/dev/boost/libs/openmethod/include/boost/openmethod/macros.hpp:90:22: note: expanded from macro 'BOOST_OPENMETHOD_DETAIL_LOCATE_METHOD'",
        "   90 |             decltype(BOOST_OPENMETHOD_GUIDE(NAME)(std::declval<A>()...));      \\",
        "      |                      ^",
        "note: (skipping 1 expansions in backtrace; use -fmacro-backtrace-limit=0 to see all)",
        "/usr/include/boost/preprocessor/cat.hpp:22:32: note: expanded from macro 'BOOST_PP_CAT'",
        "   22 | #    define BOOST_PP_CAT(a, b) BOOST_PP_CAT_I(a, b)",
        "      |                                ^",
        "/usr/include/boost/preprocessor/cat.hpp:29:34: note: expanded from macro 'BOOST_PP_CAT_I'",
        "   29 | #    define BOOST_PP_CAT_I(a, b) a ## b",
        "      |                                  ^",
        "<scratch space>:489:1: note: expanded from here",
        "  489 | poke_boost_openmethod_guide",
        "      | ^",
        "match_no_method.cpp:16:1: note: in instantiation of template class 'poke_boost_openmethod_overriders<void (boost::openmethod::virtual_ptr<Cat> &)>::boost_openmethod_detail_locate_method_aux<void (boost::openmethod::virtual_ptr<Cat> &)>' requested here",
        "/home/jll/dev/boost/libs/openmethod/include/boost/openmethod/macros.hpp:129:5: note: expanded from macro 'BOOST_OPENMETHOD_OVERRIDE'",
        "  129 |     BOOST_OPENMETHOD_DECLARE_OVERRIDER(NAME, ARGS, __VA_ARGS__)                \\",
        "      |     ^",
        "/home/jll/dev/boost/libs/openmethod/include/boost/openmethod/macros.hpp:106:16: note: expanded from macro 'BOOST_OPENMETHOD_DECLARE_OVERRIDER'",
        "  106 |         return boost_openmethod_detail_locate_method_aux<                      \\",
        "      |                ^",
        "match_no_method.cpp:16:1: error: expected expression",
        "   16 | BOOST_OPENMETHOD_OVERRIDE(poke, (boost::openmethod::virtual_ptr<Cat>&), void) {",
        "      | ^",
        "/home/jll/dev/boost/libs/openmethod/include/boost/openmethod/macros.hpp:129:5: note: expanded from macro 'BOOST_OPENMETHOD_OVERRIDE'",
        "  129 |     BOOST_OPENMETHOD_DECLARE_OVERRIDER(NAME, ARGS, __VA_ARGS__)                \\",
        "      |     ^",
        "/home/jll/dev/boost/libs/openmethod/include/boost/openmethod/macros.hpp:107:44: note: expanded from macro 'BOOST_OPENMETHOD_DECLARE_OVERRIDER'",
        "  107 |             void ARGS>::type::has_next<fn>();                                  \\",
        "      |                                            ^",
        "match_no_method.cpp:16:1: error: 'poke_boost_openmethod_overriders<void (boost::openmethod::virtual_ptr<Cat> &)>::boost_openmethod_detail_locate_method_aux<void (boost::openmethod::virtual_ptr<Cat> &)>::type' (aka 'int') is not a class, namespace, or enumeration",
        "/home/jll/dev/boost/libs/openmethod/include/boost/openmethod/macros.hpp:129:5: note: expanded from macro 'BOOST_OPENMETHOD_OVERRIDE'",
        "  129 |     BOOST_OPENMETHOD_DECLARE_OVERRIDER(NAME, ARGS, __VA_ARGS__)                \\",
        "      |     ^",
        "/home/jll/dev/boost/libs/openmethod/include/boost/openmethod/macros.hpp:113:25: note: expanded from macro 'BOOST_OPENMETHOD_DECLARE_OVERRIDER'",
        "  113 |             void ARGS>::type::next<fn>(std::forward<Args>(args)...);           \\",
        "      |                         ^",
        "match_no_method.cpp:16:1: error: expected ')'",
        "/home/jll/dev/boost/libs/openmethod/include/boost/openmethod/macros.hpp:129:5: note: expanded from macro 'BOOST_OPENMETHOD_OVERRIDE'",
        "  129 |     BOOST_OPENMETHOD_DECLARE_OVERRIDER(NAME, ARGS, __VA_ARGS__)                \\",
        "      |     ^",
        "/home/jll/dev/boost/libs/openmethod/include/boost/openmethod/macros.hpp:113:64: note: expanded from macro 'BOOST_OPENMETHOD_DECLARE_OVERRIDER'",
        "  113 |             void ARGS>::type::next<fn>(std::forward<Args>(args)...);           \\",
        "      |                                                                ^",
        "match_no_method.cpp:16:1: note: to match this '('",
        "/home/jll/dev/boost/libs/openmethod/include/boost/openmethod/macros.hpp:129:5: note: expanded from macro 'BOOST_OPENMETHOD_OVERRIDE'",
        "  129 |     BOOST_OPENMETHOD_DECLARE_OVERRIDER(NAME, ARGS, __VA_ARGS__)                \\",
        "      |     ^",
        "/home/jll/dev/boost/libs/openmethod/include/boost/openmethod/macros.hpp:113:39: note: expanded from macro 'BOOST_OPENMETHOD_DECLARE_OVERRIDER'",
        "  113 |             void ARGS>::type::next<fn>(std::forward<Args>(args)...);           \\",
        "      |                                       ^",
        "match_no_method.cpp:16:1: error: 'poke_boost_openmethod_overriders<void (boost::openmethod::virtual_ptr<Cat> &)>::boost_openmethod_detail_locate_method_aux<void (boost::openmethod::virtual_ptr<Cat> &)>::type' (aka 'int') is not a class, namespace, or enumeration",
        "   16 | BOOST_OPENMETHOD_OVERRIDE(poke, (boost::openmethod::virtual_ptr<Cat>&), void) {",
        "      | ^",
        "/home/jll/dev/boost/libs/openmethod/include/boost/openmethod/macros.hpp:130:5: note: expanded from macro 'BOOST_OPENMETHOD_OVERRIDE'",
        "  130 |     BOOST_OPENMETHOD_DEFINE_OVERRIDER(NAME, ARGS, __VA_ARGS__)",
        "      |     ^",
        "/home/jll/dev/boost/libs/openmethod/include/boost/openmethod/macros.hpp:124:5: note: expanded from macro 'BOOST_OPENMETHOD_DEFINE_OVERRIDER'",
        "  124 |     BOOST_OPENMETHOD_DETAIL_REGISTER_OVERRIDER(NAME, ARGS, __VA_ARGS__)        \\",
        "      |     ^",
        "/home/jll/dev/boost/libs/openmethod/include/boost/openmethod/macros.hpp:119:65: note: expanded from macro 'BOOST_OPENMETHOD_DETAIL_REGISTER_OVERRIDER'",
        "  119 |         ::boost_openmethod_detail_locate_method_aux<void ARGS>::type::         \\",
        "      |                                                                 ^",
        "5 errors generated."
    ]
}