{
    "gcc": [
        "In file included from /home/jll/dev/boost/libs/openmethod/include/boost/openmethod.hpp:10,",
        "                 from match_method_not_visible.cpp:7:",
        "match_method_not_visible.cpp: In instantiation of \u2018struct poke_boost_openmethod_overriders<void(boost::openmethod::virtual_ptr<animals::Cat, boost::openmethod::default_registry, void>&)>::boost_openmethod_detail_locate_method_aux<void(boost::openmethod::virtual_ptr<animals::Cat>&)>\u2019:",
        "match_method_not_visible.cpp:22:1:   required from here",
        "/home/jll/dev/boost/libs/openmethod/include/boost/openmethod/macros.hpp:90:50: error: no matching function for call to \u2018poke_boost_openmethod_guide(boost::openmethod::virtual_ptr<animals::Cat>&)\u2019",
        "   90 |             decltype(BOOST_OPENMETHOD_GUIDE(NAME)(std::declval<A>()...));      \\",
        "/home/jll/dev/boost/libs/openmethod/include/boost/openmethod/macros.hpp:98:9: note: in expansion of macro \u2018BOOST_OPENMETHOD_DETAIL_LOCATE_METHOD\u2019",
        "   98 |         BOOST_OPENMETHOD_DETAIL_LOCATE_METHOD(NAME, ARGS);                     \\",
        "      |         ^~~~~~~~~~~~~~~~~~~~~~~~~~~~~~~~~~~~~",
        "/home/jll/dev/boost/libs/openmethod/include/boost/openmethod/macros.hpp:129:5: note: in expansion of macro \u2018BOOST_OPENMETHOD_DECLARE_OVERRIDER\u2019",
        "  129 |     BOOST_OPENMETHOD_DECLARE_OVERRIDER(NAME, ARGS, __VA_ARGS__)                \\",
        "      |     ^~~~~~~~~~~~~~~~~~~~~~~~~~~~~~~~~~",
        "match_method_not_visible.cpp:22:1: note: in expansion of macro \u2018BOOST_OPENMETHOD_OVERRIDE\u2019",
        "   22 | BOOST_OPENMETHOD_OVERRIDE(",
        "      | ^~~~~~~~~~~~~~~~~~~~~~~~~",
        "In file included from /home/jll/dev/boost/libs/openmethod/include/boost/openmethod/macros.hpp:9:",
        "match_method_not_visible.cpp:18:18: note: candidate: \u2018template<class ... ForwarderParameters> typename boost::openmethod::detail::enable_forwarder<void, boost::openmethod::method<animals::poke_boost_openmethod, void(boost::openmethod::virtual_ptr<animals::Animal>&), boost::openmethod::default_registry>, boost::openmethod::method<animals::poke_boost_openmethod, void(boost::openmethod::virtual_ptr<animals::Animal>&), boost::openmethod::default_registry>, ForwarderParameters ...>::type animals::poke_boost_openmethod_guide(ForwarderParameters&& ...)\u2019",
        "   18 | BOOST_OPENMETHOD(poke, (boost::openmethod::virtual_ptr<Animal>&), void);",
        "      |                  ^~~~",
        "/home/jll/dev/boost/libs/openmethod/include/boost/openmethod/macros.hpp:56:18: note: in expansion of macro \u2018BOOST_OPENMETHOD_ID\u2019",
        "   56 |     BOOST_PP_CAT(BOOST_OPENMETHOD_ID(NAME), _guide)",
        "      |                  ^~~~~~~~~~~~~~~~~~~",
        "/home/jll/dev/boost/libs/openmethod/include/boost/openmethod/macros.hpp:73:9: note: in expansion of macro \u2018BOOST_OPENMETHOD_GUIDE\u2019",
        "   73 |         BOOST_OPENMETHOD_GUIDE(NAME)(ForwarderParameters && ... args);         \\",
        "      |         ^~~~~~~~~~~~~~~~~~~~~~",
        "match_method_not_visible.cpp:18:1: note: in expansion of macro \u2018BOOST_OPENMETHOD\u2019",
        "   18 | BOOST_OPENMETHOD(poke, (boost::openmethod::virtual_ptr<Animal>&), void);",
        "      | ^~~~~~~~~~~~~~~~",
        "match_method_not_visible.cpp:18:18: note:   template argument deduction/substitution failed:",
        "   18 | BOOST_OPENMETHOD(poke, (boost::openmethod::virtual_ptr<Animal>&), void);",
        "      |                  ^~~~",
        "/home/jll/dev/boost/libs/openmethod/include/boost/openmethod/macros.hpp:56:18: note: in expansion of macro \u2018BOOST_OPENMETHOD_ID\u2019",
        "   56 |     BOOST_PP_CAT(BOOST_OPENMETHOD_ID(NAME), _guide)",
        "      |                  ^~~~~~~~~~~~~~~~~~~",
        "/home/jll/dev/boost/libs/openmethod/include/boost/openmethod/macros.hpp:73:9: note: in expansion of macro \u2018BOOST_OPENMETHOD_GUIDE\u2019",
        "   73 |         BOOST_OPENMETHOD_GUIDE(NAME)(ForwarderParameters && ... args);         \\",
        "      |         ^~~~~~~~~~~~~~~~~~~~~~",
        "match_method_not_visible.cpp:18:1: note: in expansion of macro \u2018BOOST_OPENMETHOD\u2019",
        "   18 | BOOST_OPENMETHOD(poke, (boost::openmethod::virtual_ptr<Animal>&), void);",
        "      | ^~~~~~~~~~~~~~~~",
        "match_method_not_visible.cpp: In substitution of \u2018template<class ... ForwarderParameters> typename boost::openmethod::detail::enable_forwarder<void, boost::openmethod::method<animals::poke_boost_openmethod, void(boost::openmethod::virtual_ptr<animals::Animal>&), boost::openmethod::default_registry>, boost::openmethod::method<animals::poke_boost_openmethod, void(boost::openmethod::virtual_ptr<animals::Animal>&), boost::openmethod::default_registry>, ForwarderParameters ...>::type animals::poke_boost_openmethod_guide(ForwarderParameters&& ...) [with ForwarderParameters = {boost::openmethod::virtual_ptr<animals::Cat, boost::openmethod::default_registry, void>&}]\u2019:",
        "match_method_not_visible.cpp:22:1:   required from \u2018struct poke_boost_openmethod_overriders<void(boost::openmethod::virtual_ptr<animals::Cat, boost::openmethod::default_registry, void>&)>::boost_openmethod_detail_locate_method_aux<void(boost::openmethod::virtual_ptr<animals::Cat>&)>\u2019",
        "match_method_not_visible.cpp:22:1:   required from here",
        "match_method_not_visible.cpp:18:18: error: invalid use of incomplete type \u2018struct boost::openmethod::detail::enable_forwarder<void, boost::openmethod::method<animals::poke_boost_openmethod, void(boost::openmethod::virtual_ptr<animals::Animal>&), boost::openmethod::default_registry>, boost::openmethod::method<animals::poke_boost_openmethod, void(boost::openmethod::virtual_ptr<animals::Animal>&), boost::openmethod::default_registry>, boost::openmethod::virtual_ptr<animals::Cat, boost::openmethod::default_registry, void>&>\u2019",
        "   18 | BOOST_OPENMETHOD(poke, (boost::openmethod::virtual_ptr<Animal>&), void);",
        "      |                  ^~~~",
        "/home/jll/dev/boost/libs/openmethod/include/boost/openmethod/macros.hpp:56:18: note: in expansion of macro \u2018BOOST_OPENMETHOD_ID\u2019",
        "   56 |     BOOST_PP_CAT(BOOST_OPENMETHOD_ID(NAME), _guide)",
        "      |                  ^~~~~~~~~~~~~~~~~~~",
        "/home/jll/dev/boost/libs/openmethod/include/boost/openmethod/macros.hpp:73:9: note: in expansion of macro \u2018BOOST_OPENMETHOD_GUIDE\u2019",
        "   73 |         BOOST_OPENMETHOD_GUIDE(NAME)(ForwarderParameters && ... args);         \\",
        "      |         ^~~~~~~~~~~~~~~~~~~~~~",
        "match_method_not_visible.cpp:18:1: note: in expansion of macro \u2018BOOST_OPENMETHOD\u2019",
        "   18 | BOOST_OPENMETHOD(poke, (boost::openmethod::virtual_ptr<Animal>&), void);",
        "      | ^~~~~~~~~~~~~~~~",
        "/home/jll/dev/boost/libs/openmethod/include/boost/openmethod/macros.hpp:16:8: note: declaration of \u2018struct boost::openmethod::detail::enable_forwarder<void, boost::openmethod::method<animals::poke_boost_openmethod, void(boost::openmethod::virtual_ptr<animals::Animal>&), boost::openmethod::default_registry>, boost::openmethod::method<animals::poke_boost_openmethod, void(boost::openmethod::virtual_ptr<animals::Animal>&), boost::openmethod::default_registry>, boost::openmethod::virtual_ptr<animals::Cat, boost::openmethod::default_registry, void>&>\u2019",
        "   16 | struct enable_forwarder;",
        "      |        ^~~~~~~~~~~~~~~~",
        "match_method_not_visible.cpp: In static member function \u2018static bool poke_boost_openmethod_overriders<void(boost::openmethod::virtual_ptr<animals::Cat, boost::openmethod::default_registry, void>&)>::has_next()\u2019:",
        "/home/jll/dev/boost/libs/openmethod/include/boost/openmethod/macros.hpp:107:25: error: \u2018poke_boost_openmethod_overriders<void(boost::openmethod::virtual_ptr<animals::Cat, boost::openmethod::default_registry, void>&)>::boost_openmethod_detail_locate_method_aux<void(boost::openmethod::virtual_ptr<animals::Cat, boost::openmethod::default_registry, void>&)>::type\u2019 is not a class, namespace, or enumeration",
        "  107 |             void ARGS>::type::has_next<fn>();                                  \\",
        "      |                         ^~~~",
        "/home/jll/dev/boost/libs/openmethod/include/boost/openmethod/macros.hpp:129:5: note: in expansion of macro \u2018BOOST_OPENMETHOD_DECLARE_OVERRIDER\u2019",
        "  129 |     BOOST_OPENMETHOD_DECLARE_OVERRIDER(NAME, ARGS, __VA_ARGS__)                \\",
        "      |     ^~~~~~~~~~~~~~~~~~~~~~~~~~~~~~~~~~",
        "match_method_not_visible.cpp:22:1: note: in expansion of macro \u2018BOOST_OPENMETHOD_OVERRIDE\u2019",
        "   22 | BOOST_OPENMETHOD_OVERRIDE(",
        "      | ^~~~~~~~~~~~~~~~~~~~~~~~~",
        "/home/jll/dev/boost/libs/openmethod/include/boost/openmethod/macros.hpp:107:44: error: expected primary-expression before \u2018)\u2019 token",
        "  107 |             void ARGS>::type::has_next<fn>();                                  \\",
        "      |                                            ^",
        "/home/jll/dev/boost/libs/openmethod/include/boost/openmethod/macros.hpp:129:5: note: in expansion of macro \u2018BOOST_OPENMETHOD_DECLARE_OVERRIDER\u2019",
        "  129 |     BOOST_OPENMETHOD_DECLARE_OVERRIDER(NAME, ARGS, __VA_ARGS__)                \\",
        "      |     ^~~~~~~~~~~~~~~~~~~~~~~~~~~~~~~~~~",
        "match_method_not_visible.cpp:22:1: note: in expansion of macro \u2018BOOST_OPENMETHOD_OVERRIDE\u2019",
        "   22 | BOOST_OPENMETHOD_OVERRIDE(",
        "      | ^~~~~~~~~~~~~~~~~~~~~~~~~",
        "match_method_not_visible.cpp: In static member function \u2018static decltype(auto) poke_boost_openmethod_overriders<void(boost::openmethod::virtual_ptr<animals::Cat, boost::openmethod::default_registry, void>&)>::next(Args&& ...)\u2019:",
        "/home/jll/dev/boost/libs/openmethod/include/boost/openmethod/macros.hpp:113:25: error: \u2018poke_boost_openmethod_overriders<void(boost::openmethod::virtual_ptr<animals::Cat, boost::openmethod::default_registry, void>&)>::boost_openmethod_detail_locate_method_aux<void(boost::openmethod::virtual_ptr<animals::Cat, boost::openmethod::default_registry, void>&)>::type\u2019 is not a class, namespace, or enumeration",
        "  113 |             void ARGS>::type::next<fn>(std::forward<Args>(args)...);           \\",
        "      |                         ^~~~",
        "/home/jll/dev/boost/libs/openmethod/include/boost/openmethod/macros.hpp:129:5: note: in expansion of macro \u2018BOOST_OPENMETHOD_DECLARE_OVERRIDER\u2019",
        "  129 |     BOOST_OPENMETHOD_DECLARE_OVERRIDER(NAME, ARGS, __VA_ARGS__)                \\",
        "      |     ^~~~~~~~~~~~~~~~~~~~~~~~~~~~~~~~~~",
        "match_method_not_visible.cpp:22:1: note: in expansion of macro \u2018BOOST_OPENMETHOD_OVERRIDE\u2019",
        "   22 | BOOST_OPENMETHOD_OVERRIDE(",
        "      | ^~~~~~~~~~~~~~~~~~~~~~~~~",
        "/home/jll/dev/boost/libs/openmethod/include/boost/openmethod/macros.hpp:113:64: error: expected \u2018)\u2019 before \u2018...\u2019 token",
        "  113 |             void ARGS>::type::next<fn>(std::forward<Args>(args)...);           \\",
        "      |                                       ~                        ^~~",
        "/home/jll/dev/boost/libs/openmethod/include/boost/openmethod/macros.hpp:129:5: note: in expansion of macro \u2018BOOST_OPENMETHOD_DECLARE_OVERRIDER\u2019",
        "  129 |     BOOST_OPENMETHOD_DECLARE_OVERRIDER(NAME, ARGS, __VA_ARGS__)                \\",
        "      |     ^~~~~~~~~~~~~~~~~~~~~~~~~~~~~~~~~~",
        "match_method_not_visible.cpp:22:1: note: in expansion of macro \u2018BOOST_OPENMETHOD_OVERRIDE\u2019",
        "   22 | BOOST_OPENMETHOD_OVERRIDE(",
        "      | ^~~~~~~~~~~~~~~~~~~~~~~~~",
        "match_method_not_visible.cpp: At global scope:",
        "/home/jll/dev/boost/libs/openmethod/include/boost/openmethod/macros.hpp:120:21: error: expected initializer before \u2018<\u2019 token",
        "  120 |             override<                                                          \\",
        "      |                     ^",
        "/home/jll/dev/boost/libs/openmethod/include/boost/openmethod/macros.hpp:45:12: note: in definition of macro \u2018BOOST_OPENMETHOD_REGISTER\u2019",
        "   45 |     static __VA_ARGS__ BOOST_OPENMETHOD_GENSYM",
        "      |            ^~~~~~~~~~~",
        "/home/jll/dev/boost/libs/openmethod/include/boost/openmethod/macros.hpp:124:5: note: in expansion of macro \u2018BOOST_OPENMETHOD_DETAIL_REGISTER_OVERRIDER\u2019",
        "  124 |     BOOST_OPENMETHOD_DETAIL_REGISTER_OVERRIDER(NAME, ARGS, __VA_ARGS__)        \\",
        "      |     ^~~~~~~~~~~~~~~~~~~~~~~~~~~~~~~~~~~~~~~~~~",
        "/home/jll/dev/boost/libs/openmethod/include/boost/openmethod/macros.hpp:130:5: note: in expansion of macro \u2018BOOST_OPENMETHOD_DEFINE_OVERRIDER\u2019",
        "  130 |     BOOST_OPENMETHOD_DEFINE_OVERRIDER(NAME, ARGS, __VA_ARGS__)",
        "      |     ^~~~~~~~~~~~~~~~~~~~~~~~~~~~~~~~~",
        "match_method_not_visible.cpp:22:1: note: in expansion of macro \u2018BOOST_OPENMETHOD_OVERRIDE\u2019",
        "   22 | BOOST_OPENMETHOD_OVERRIDE(",
        "      | ^~~~~~~~~~~~~~~~~~~~~~~~~"
    ],
    "clang": [
        "match_method_not_visible.cpp:22:1: error: no matching function for call to 'poke_boost_openmethod_guide'",
        "   22 | BOOST_OPENMETHOD_OVERRIDE(",
        "      | ^~~~~~~~~~~~~~~~~~~~~~~~~~",
        "   23 |     poke, (boost::openmethod::virtual_ptr<animals::Cat>&), void) {",
        "      |     ~~~~~~~~~~~~~~~~~~~~~~~~~~~~~~~~~~~~~~~~~~~~~~~~~~~~~~~~~~~~",
        "/home/jll/dev/boost/libs/openmethod/include/boost/openmethod/macros.hpp:129:5: note: expanded from macro 'BOOST_OPENMETHOD_OVERRIDE'",
        "  129 |     BOOST_OPENMETHOD_DECLARE_OVERRIDER(NAME, ARGS, __VA_ARGS__)                \\",
        "      |     ^~~~~~~~~~~~~~~~~~~~~~~~~~~~~~~~~~~~~~~~~~~~~~~~~~~~~~~~~~~",
        "/home/jll/dev/boost/libs/openmethod/include/boost/openmethod/macros.hpp:98:9: note: expanded from macro 'BOOST_OPENMETHOD_DECLARE_OVERRIDER'",
        "   98 |         BOOST_OPENMETHOD_DETAIL_LOCATE_METHOD(NAME, ARGS);                     \\",
        "      |         ^~~~~~~~~~~~~~~~~~~~~~~~~~~~~~~~~~~~~~~~~~~~~~~~~",
        "/home/jll/dev/boost/libs/openmethod/include/boost/openmethod/macros.hpp:90:22: note: expanded from macro 'BOOST_OPENMETHOD_DETAIL_LOCATE_METHOD'",
        "   90 |             decltype(BOOST_OPENMETHOD_GUIDE(NAME)(std::declval<A>()...));      \\",
        "      |                      ^~~~~~~~~~~~~~~~~~~~~~~~~~~~",
        "note: (skipping 1 expansions in backtrace; use -fmacro-backtrace-limit=0 to see all)",
        "/usr/include/boost/preprocessor/cat.hpp:22:32: note: expanded from macro 'BOOST_PP_CAT'",
        "   22 | #    define BOOST_PP_CAT(a, b) BOOST_PP_CAT_I(a, b)",
        "      |                                ^~~~~~~~~~~~~~~~~~~~",
        "/usr/include/boost/preprocessor/cat.hpp:29:34: note: expanded from macro 'BOOST_PP_CAT_I'",
        "   29 | #    define BOOST_PP_CAT_I(a, b) a ## b",
        "      |                                  ^~~~~~",
        "<scratch space>:5:1: note: expanded from here",
        "    5 | poke_boost_openmethod_guide",
        "      | ^~~~~~~~~~~~~~~~~~~~~~~~~~~",
        "match_method_not_visible.cpp:22:1: note: in instantiation of template class 'poke_boost_openmethod_overriders<void (boost::openmethod::virtual_ptr<animals::Cat> &)>::boost_openmethod_detail_locate_method_aux<void (boost::openmethod::virtual_ptr<animals::Cat> &)>' requested here",
        "/home/jll/dev/boost/libs/openmethod/include/boost/openmethod/macros.hpp:129:5: note: expanded from macro 'BOOST_OPENMETHOD_OVERRIDE'",
        "  129 |     BOOST_OPENMETHOD_DECLARE_OVERRIDER(NAME, ARGS, __VA_ARGS__)                \\",
        "      |     ^",
        "/home/jll/dev/boost/libs/openmethod/include/boost/openmethod/macros.hpp:106:16: note: expanded from macro 'BOOST_OPENMETHOD_DECLARE_OVERRIDER'",
        "  106 |         return boost_openmethod_detail_locate_method_aux<                      \\",
        "      |                ^",
        "match_method_not_visible.cpp:18:1: note: candidate template ignored: substitution failure [with ForwarderParameters = <boost::openmethod::virtual_ptr<animals::Cat> &>]: implicit instantiation of undefined template 'boost::openmethod::detail::enable_forwarder<void, boost::openmethod::method<animals::poke_boost_openmethod, void (boost::openmethod::virtual_ptr<animals::Animal> &)>, boost::openmethod::method<animals::poke_boost_openmethod, void (boost::openmethod::virtual_ptr<animals::Animal> &)>, boost::openmethod::virtual_ptr<animals::Cat> &>'",
        "   18 | BOOST_OPENMETHOD(poke, (boost::openmethod::virtual_ptr<Animal>&), void);",
        "      | ^~~~~~~~~~~~~~~~~~~~~~~~~~~~~~~~~~~~~~~~~~~~~~~~~~~~~~~~~~~~~~~~~~~~~~~",
        "/home/jll/dev/boost/libs/openmethod/include/boost/openmethod/macros.hpp:73:9: note: expanded from macro 'BOOST_OPENMETHOD'",
        "   69 |     typename ::boost::openmethod::detail::enable_forwarder<                    \\",
        "      |                                           ~~~~~~~~~~~~~~~~",
        "   70 |         void, BOOST_OPENMETHOD_TYPE(NAME, ARGS, __VA_ARGS__),                  \\",
        "   71 |         typename BOOST_OPENMETHOD_TYPE(NAME, ARGS, __VA_ARGS__),               \\",
        "   72 |         ForwarderParameters...>::type                                          \\",
        "   73 |         BOOST_OPENMETHOD_GUIDE(NAME)(ForwarderParameters && ... args);         \\",
        "      |         ^",
        "/home/jll/dev/boost/libs/openmethod/include/boost/openmethod/macros.hpp:56:5: note: expanded from macro 'BOOST_OPENMETHOD_GUIDE'",
        "   56 |     BOOST_PP_CAT(BOOST_OPENMETHOD_ID(NAME), _guide)",
        "      |     ^",
        "/usr/include/boost/preprocessor/cat.hpp:22:32: note: expanded from macro 'BOOST_PP_CAT'",
        "   22 | #    define BOOST_PP_CAT(a, b) BOOST_PP_CAT_I(a, b)",
        "      |                                ^",
        "/usr/include/boost/preprocessor/cat.hpp:29:34: note: expanded from macro 'BOOST_PP_CAT_I'",
        "   29 | #    define BOOST_PP_CAT_I(a, b) a ## b",
        "      |                                  ^",
        "<scratch space>:490:1: note: expanded from here",
        "  490 | poke_boost_openmethod_guide",
        "      | ^",
        "match_method_not_visible.cpp:22:1: error: missing 'template' keyword prior to dependent template name 'has_next'",
        "   22 | BOOST_OPENMETHOD_OVERRIDE(",
        "      | ^~~~~~~~~~~~~~~~~~~~~~~~~~",
        "   23 |     poke, (boost::openmethod::virtual_ptr<animals::Cat>&), void) {",
        "      |     ~~~~~~~~~~~~~~~~~~~~~~~~~~~~~~~~~~~~~~~~~~~~~~~~~~~~~~~~~~~~",
        "/home/jll/dev/boost/libs/openmethod/include/boost/openmethod/macros.hpp:129:5: note: expanded from macro 'BOOST_OPENMETHOD_OVERRIDE'",
        "  129 |     BOOST_OPENMETHOD_DECLARE_OVERRIDER(NAME, ARGS, __VA_ARGS__)                \\",
        "      |     ^~~~~~~~~~~~~~~~~~~~~~~~~~~~~~~~~~~~~~~~~~~~~~~~~~~~~~~~~~~",
        "/home/jll/dev/boost/libs/openmethod/include/boost/openmethod/macros.hpp:107:31: note: expanded from macro 'BOOST_OPENMETHOD_DECLARE_OVERRIDER'",
        "  107 |             void ARGS>::type::has_next<fn>();                                  \\",
        "      |                               ^       ~~~~",
        "match_method_not_visible.cpp:22:1: error: expected ')'",
        "/home/jll/dev/boost/libs/openmethod/include/boost/openmethod/macros.hpp:129:5: note: expanded from macro 'BOOST_OPENMETHOD_OVERRIDE'",
        "  129 |     BOOST_OPENMETHOD_DECLARE_OVERRIDER(NAME, ARGS, __VA_ARGS__)                \\",
        "      |     ^",
        "/home/jll/dev/boost/libs/openmethod/include/boost/openmethod/macros.hpp:113:64: note: expanded from macro 'BOOST_OPENMETHOD_DECLARE_OVERRIDER'",
        "  113 |             void ARGS>::type::next<fn>(std::forward<Args>(args)...);           \\",
        "      |                                                                ^",
        "match_method_not_visible.cpp:22:1: note: to match this '('",
        "/home/jll/dev/boost/libs/openmethod/include/boost/openmethod/macros.hpp:129:5: note: expanded from macro 'BOOST_OPENMETHOD_OVERRIDE'",
        "  129 |     BOOST_OPENMETHOD_DECLARE_OVERRIDER(NAME, ARGS, __VA_ARGS__)                \\",
        "      |     ^",
        "/home/jll/dev/boost/libs/openmethod/include/boost/openmethod/macros.hpp:113:39: note: expanded from macro 'BOOST_OPENMETHOD_DECLARE_OVERRIDER'",
        "  113 |             void ARGS>::type::next<fn>(std::forward<Args>(args)...);           \\",
        "      |                                       ^",
        "match_method_not_visible.cpp:22:1: error: expression contains unexpanded parameter packs 'Args' and 'args'",
        "   22 | BOOST_OPENMETHOD_OVERRIDE(",
        "      | ^~~~~~~~~~~~~~~~~~~~~~~~~~",
        "   23 |     poke, (boost::openmethod::virtual_ptr<animals::Cat>&), void) {",
        "      |     ~~~~~~~~~~~~~~~~~~~~~~~~~~~~~~~~~~~~~~~~~~~~~~~~~~~~~~~~~~~~",
        "/home/jll/dev/boost/libs/openmethod/include/boost/openmethod/macros.hpp:129:5: note: expanded from macro 'BOOST_OPENMETHOD_OVERRIDE'",
        "  129 |     BOOST_OPENMETHOD_DECLARE_OVERRIDER(NAME, ARGS, __VA_ARGS__)                \\",
        "      |     ^~~~~~~~~~~~~~~~~~~~~~~~~~~~~~~~~~~~~~~~~~~~~~~~~~~~~~~~~~~",
        "/home/jll/dev/boost/libs/openmethod/include/boost/openmethod/macros.hpp:112:16: note: expanded from macro 'BOOST_OPENMETHOD_DECLARE_OVERRIDER'",
        "  112 |         return boost_openmethod_detail_locate_method_aux<                      \\",
        "      |                ^",
        "  113 |             void ARGS>::type::next<fn>(std::forward<Args>(args)...);           \\",
        "      |                                                     ~~~~  ~~~~",
        "match_method_not_visible.cpp:22:1: warning: missing 'typename' prior to dependent type name poke_boost_openmethod_overriders<void (boost::openmethod::virtual_ptr<animals::Cat> &)>::boost_openmethod_detail_locate_method_aux<void (boost::openmethod::virtual_ptr<animals::Cat> &)>::type::override; implicit 'typename' is a C++20 extension [-Wc++20-extensions]",
        "/home/jll/dev/boost/libs/openmethod/include/boost/openmethod/macros.hpp:130:5: note: expanded from macro 'BOOST_OPENMETHOD_OVERRIDE'",
        "  130 |     BOOST_OPENMETHOD_DEFINE_OVERRIDER(NAME, ARGS, __VA_ARGS__)",
        "      |     ^",
        "/home/jll/dev/boost/libs/openmethod/include/boost/openmethod/macros.hpp:124:5: note: expanded from macro 'BOOST_OPENMETHOD_DEFINE_OVERRIDER'",
        "  124 |     BOOST_OPENMETHOD_DETAIL_REGISTER_OVERRIDER(NAME, ARGS, __VA_ARGS__)        \\",
        "      |     ^",
        "/home/jll/dev/boost/libs/openmethod/include/boost/openmethod/macros.hpp:118:9: note: expanded from macro 'BOOST_OPENMETHOD_DETAIL_REGISTER_OVERRIDER'",
        "  118 |         BOOST_OPENMETHOD_OVERRIDERS(NAME) < __VA_ARGS__ ARGS >                 \\",
        "      |         ^",
        "note: (skipping 1 expansions in backtrace; use -fmacro-backtrace-limit=0 to see all)",
        "/usr/include/boost/preprocessor/cat.hpp:22:32: note: expanded from macro 'BOOST_PP_CAT'",
        "   22 | #    define BOOST_PP_CAT(a, b) BOOST_PP_CAT_I(a, b)",
        "      |                                ^",
        "/usr/include/boost/preprocessor/cat.hpp:29:34: note: expanded from macro 'BOOST_PP_CAT_I'",
        "   29 | #    define BOOST_PP_CAT_I(a, b) a ## b",
        "      |                                  ^",
        "<scratch space>:11:1: note: expanded from here",
        "   11 | poke_boost_openmethod_overriders",
        "      | ^",
        "match_method_not_visible.cpp:22:1: error: expected unqualified-id",
        "/home/jll/dev/boost/libs/openmethod/include/boost/openmethod/macros.hpp:130:5: note: expanded from macro 'BOOST_OPENMETHOD_OVERRIDE'",
        "  130 |     BOOST_OPENMETHOD_DEFINE_OVERRIDER(NAME, ARGS, __VA_ARGS__)",
        "      |     ^",
        "/home/jll/dev/boost/libs/openmethod/include/boost/openmethod/macros.hpp:124:5: note: expanded from macro 'BOOST_OPENMETHOD_DEFINE_OVERRIDER'",
        "  124 |     BOOST_OPENMETHOD_DETAIL_REGISTER_OVERRIDER(NAME, ARGS, __VA_ARGS__)        \\",
        "      |     ^",
        "/home/jll/dev/boost/libs/openmethod/include/boost/openmethod/macros.hpp:120:21: note: expanded from macro 'BOOST_OPENMETHOD_DETAIL_REGISTER_OVERRIDER'",
        "  120 |             override<                                                          \\",
        "      |                     ^",
        "1 warning and 5 errors generated."
    ]
}